DEB [20190328-00:05:23.322] thr=1   paramiko.transport: starting thread (client mode): 0x6acd3da0
DEB [20190328-00:05:23.322] thr=1   paramiko.transport: Local version/idstring: SSH-2.0-paramiko_2.4.2
DEB [20190328-00:05:23.591] thr=1   paramiko.transport: Remote version/idstring: SSH-2.0-CoreFTP-0.3.3
INF [20190328-00:05:23.595] thr=1   paramiko.transport: Connected (version 2.0, client CoreFTP-0.3.3)
DEB [20190328-00:05:23.907] thr=1   paramiko.transport: kex algos:['diffie-hellman-group1-sha1', 'diffie-hellman-group14-sha1', 'diffie-hellman-group-exchange-sha256'] server key:['ssh-rsa'] client encrypt:['aes128-cbc', 'aes128-ctr', '3des-cbc', 'blowfish-cbc', 'aes192-cbc', 'aes192-ctr', 'aes256-cbc', 'aes256-ctr', 'rijndael128-cbc', 'rijndael192-cbc', 'rijndael256-cbc', 'rijndael-cbc@lysator.liu.se'] server encrypt:['aes128-cbc', 'aes128-ctr', '3des-cbc', 'blowfish-cbc', 'aes192-cbc', 'aes192-ctr', 'aes256-cbc', 'aes256-ctr', 'rijndael128-cbc', 'rijndael192-cbc', 'rijndael256-cbc', 'rijndael-cbc@lysator.liu.se'] client mac:['hmac-sha2-256', 'hmac-sha1', 'hmac-md5', 'none'] server mac:['hmac-sha2-256', 'hmac-sha1', 'hmac-md5', 'none'] client compress:['none', 'none'] server compress:['none', 'none'] client lang:[''] server lang:[''] kex follows?False
DEB [20190328-00:05:23.907] thr=1   paramiko.transport: Kex agreed: diffie-hellman-group-exchange-sha256
DEB [20190328-00:05:23.911] thr=1   paramiko.transport: HostKey agreed: ssh-rsa
DEB [20190328-00:05:23.911] thr=1   paramiko.transport: Cipher agreed: aes128-ctr
DEB [20190328-00:05:23.911] thr=1   paramiko.transport: MAC agreed: hmac-sha2-256
DEB [20190328-00:05:23.911] thr=1   paramiko.transport: Compression agreed: none
DEB [20190328-00:05:24.563] thr=1   paramiko.transport: Got server p (2048 bits)
DEB [20190328-00:05:25.563] thr=1   paramiko.transport: kex engine KexGexSHA256 specified hash_algo <built-in function openssl_sha256>
DEB [20190328-00:05:25.827] thr=1   paramiko.transport: Switch to new keys ...
DEB [20190328-00:05:25.831] thr=2   paramiko.transport: Attempting password auth...
DEB [20190328-00:05:26.099] thr=1   paramiko.transport: userauth is OK
INF [20190328-00:05:26.367] thr=1   paramiko.transport: Authentication (password) successful!
DEB [20190328-00:05:26.383] thr=2   paramiko.transport: [chan 0] Max packet in: 32768 bytes
DEB [20190328-00:05:26.655] thr=1   paramiko.transport: [chan 0] Max packet out: 32768 bytes
DEB [20190328-00:05:26.655] thr=1   paramiko.transport: Secsh channel 0 opened.
DEB [20190328-00:05:26.919] thr=1   paramiko.transport: [chan 0] Sesch channel 0 request ok
INF [20190328-00:05:27.547] thr=2   paramiko.transport.sftp: [chan 0] Opened sftp connection (server version 3)
DEB [20190328-00:05:27.547] thr=2   paramiko.transport.sftp: [chan 0] stat(b'Test')
DEB [20190328-00:05:27.819] thr=2   paramiko.transport.sftp: [chan 0] normalize(b'Test')
INF [20190328-00:05:28.139] thr=2   paramiko.transport.sftp: [chan 0] sftp session closed.
DEB [20190328-00:05:28.139] thr=2   paramiko.transport: [chan 0] EOF sent (0)
DEB [20190328-00:05:28.139] thr=1   paramiko.transport: EOF in transport thread
