DEB [20190106-15:23:26.690] thr=1   paramiko.transport: starting thread (client mode): 0x4bf35470
DEB [20190106-15:23:26.690] thr=1   paramiko.transport: Local version/idstring: SSH-2.0-paramiko_2.4.2
DEB [20190106-15:23:26.950] thr=1   paramiko.transport: Remote version/idstring: SSH-2.0-CoreFTP-0.3.3
INF [20190106-15:23:26.950] thr=1   paramiko.transport: Connected (version 2.0, client CoreFTP-0.3.3)
DEB [20190106-15:23:27.258] thr=1   paramiko.transport: kex algos:['diffie-hellman-group1-sha1', 'diffie-hellman-group14-sha1', 'diffie-hellman-group-exchange-sha256'] server key:['ssh-rsa'] client encrypt:['aes128-cbc', 'aes128-ctr', '3des-cbc', 'blowfish-cbc', 'aes192-cbc', 'aes192-ctr', 'aes256-cbc', 'aes256-ctr', 'rijndael128-cbc', 'rijndael192-cbc', 'rijndael256-cbc', 'rijndael-cbc@lysator.liu.se'] server encrypt:['aes128-cbc', 'aes128-ctr', '3des-cbc', 'blowfish-cbc', 'aes192-cbc', 'aes192-ctr', 'aes256-cbc', 'aes256-ctr', 'rijndael128-cbc', 'rijndael192-cbc', 'rijndael256-cbc', 'rijndael-cbc@lysator.liu.se'] client mac:['hmac-sha2-256', 'hmac-sha1', 'hmac-md5', 'none'] server mac:['hmac-sha2-256', 'hmac-sha1', 'hmac-md5', 'none'] client compress:['none', 'none'] server compress:['none', 'none'] client lang:[''] server lang:[''] kex follows?False
DEB [20190106-15:23:27.270] thr=1   paramiko.transport: Kex agreed: diffie-hellman-group-exchange-sha256
DEB [20190106-15:23:27.270] thr=1   paramiko.transport: HostKey agreed: ssh-rsa
DEB [20190106-15:23:27.270] thr=1   paramiko.transport: Cipher agreed: aes128-ctr
DEB [20190106-15:23:27.270] thr=1   paramiko.transport: MAC agreed: hmac-sha2-256
DEB [20190106-15:23:27.270] thr=1   paramiko.transport: Compression agreed: none
DEB [20190106-15:23:29.022] thr=1   paramiko.transport: Got server p (2048 bits)
DEB [20190106-15:23:32.898] thr=1   paramiko.transport: kex engine KexGexSHA256 specified hash_algo <built-in function openssl_sha256>
DEB [20190106-15:23:33.206] thr=1   paramiko.transport: Switch to new keys ...
DEB [20190106-15:23:33.206] thr=2   paramiko.transport: Attempting password auth...
DEB [20190106-15:23:33.474] thr=1   paramiko.transport: userauth is OK
INF [20190106-15:23:33.734] thr=1   paramiko.transport: Authentication (password) successful!
DEB [20190106-15:23:33.750] thr=2   paramiko.transport: [chan 0] Max packet in: 32768 bytes
DEB [20190106-15:23:34.010] thr=1   paramiko.transport: [chan 0] Max packet out: 32768 bytes
DEB [20190106-15:23:34.014] thr=1   paramiko.transport: Secsh channel 0 opened.
DEB [20190106-15:23:34.278] thr=1   paramiko.transport: [chan 0] Sesch channel 0 request ok
INF [20190106-15:23:34.842] thr=2   paramiko.transport.sftp: [chan 0] Opened sftp connection (server version 3)
DEB [20190106-15:23:34.842] thr=2   paramiko.transport.sftp: [chan 0] stat(b'FS_Utility_QA')
DEB [20190106-15:23:35.318] thr=2   paramiko.transport.sftp: [chan 0] mkdir(b'FS_Utility_QA', 511)
DEB [20190106-15:23:36.318] thr=2   paramiko.transport.sftp: [chan 0] stat(b'FS_Utility_QA')
DEB [20190106-15:23:37.190] thr=2   paramiko.transport.sftp: [chan 0] normalize(b'FS_Utility_QA')
DEB [20190106-15:23:37.942] thr=2   paramiko.transport.sftp: [chan 0] open(b'/FS_Utility_QA//rules_count.csv', 'wb')
DEB [20190106-15:23:38.206] thr=2   paramiko.transport.sftp: [chan 0] open(b'/FS_Utility_QA//rules_count.csv', 'wb') -> 4f70656e46696c6548616e646c65
DEB [20190106-15:23:47.589] thr=2   paramiko.transport.sftp: [chan 0] close(4f70656e46696c6548616e646c65)
DEB [20190106-15:23:49.213] thr=2   paramiko.transport.sftp: [chan 0] stat(b'/FS_Utility_QA//rules_count.csv')
INF [20190106-15:23:49.473] thr=2   paramiko.transport.sftp: [chan 0] sftp session closed.
DEB [20190106-15:23:49.473] thr=2   paramiko.transport: [chan 0] EOF sent (0)
DEB [20190106-15:23:49.477] thr=1   paramiko.transport: EOF in transport thread
DEB [20190114-19:21:49.224] thr=1   paramiko.transport: starting thread (client mode): 0x5eeec4e0
DEB [20190114-19:21:49.363] thr=1   paramiko.transport: Local version/idstring: SSH-2.0-paramiko_2.4.2
DEB [20190114-19:21:50.192] thr=1   paramiko.transport: Remote version/idstring: SSH-2.0-CoreFTP-0.3.3
INF [20190114-19:21:50.192] thr=1   paramiko.transport: Connected (version 2.0, client CoreFTP-0.3.3)
DEB [20190114-19:21:51.373] thr=1   paramiko.transport: kex algos:['diffie-hellman-group1-sha1', 'diffie-hellman-group14-sha1', 'diffie-hellman-group-exchange-sha256'] server key:['ssh-rsa'] client encrypt:['aes128-cbc', 'aes128-ctr', '3des-cbc', 'blowfish-cbc', 'aes192-cbc', 'aes192-ctr', 'aes256-cbc', 'aes256-ctr', 'rijndael128-cbc', 'rijndael192-cbc', 'rijndael256-cbc', 'rijndael-cbc@lysator.liu.se'] server encrypt:['aes128-cbc', 'aes128-ctr', '3des-cbc', 'blowfish-cbc', 'aes192-cbc', 'aes192-ctr', 'aes256-cbc', 'aes256-ctr', 'rijndael128-cbc', 'rijndael192-cbc', 'rijndael256-cbc', 'rijndael-cbc@lysator.liu.se'] client mac:['hmac-sha2-256', 'hmac-sha1', 'hmac-md5', 'none'] server mac:['hmac-sha2-256', 'hmac-sha1', 'hmac-md5', 'none'] client compress:['none', 'none'] server compress:['none', 'none'] client lang:[''] server lang:[''] kex follows?False
DEB [20190114-19:21:51.373] thr=1   paramiko.transport: Kex agreed: diffie-hellman-group-exchange-sha256
DEB [20190114-19:21:51.373] thr=1   paramiko.transport: HostKey agreed: ssh-rsa
DEB [20190114-19:21:51.373] thr=1   paramiko.transport: Cipher agreed: aes128-ctr
DEB [20190114-19:21:51.373] thr=1   paramiko.transport: MAC agreed: hmac-sha2-256
DEB [20190114-19:21:51.373] thr=1   paramiko.transport: Compression agreed: none
DEB [20190114-19:21:51.731] thr=1   paramiko.transport: Got server p (2048 bits)
DEB [20190114-19:21:54.458] thr=1   paramiko.transport: kex engine KexGexSHA256 specified hash_algo <built-in function openssl_sha256>
DEB [20190114-19:21:54.812] thr=1   paramiko.transport: Switch to new keys ...
DEB [20190114-19:21:54.828] thr=2   paramiko.transport: Attempting password auth...
DEB [20190114-19:21:56.069] thr=1   paramiko.transport: userauth is OK
INF [20190114-19:21:57.085] thr=1   paramiko.transport: Authentication (password) successful!
DEB [20190114-19:21:57.113] thr=2   paramiko.transport: [chan 0] Max packet in: 32768 bytes
DEB [20190114-19:21:58.129] thr=1   paramiko.transport: [chan 0] Max packet out: 32768 bytes
DEB [20190114-19:21:58.129] thr=1   paramiko.transport: Secsh channel 0 opened.
DEB [20190114-19:21:58.474] thr=1   paramiko.transport: [chan 0] Sesch channel 0 request ok
INF [20190114-19:22:00.248] thr=2   paramiko.transport.sftp: [chan 0] Opened sftp connection (server version 3)
DEB [20190114-19:22:00.248] thr=2   paramiko.transport.sftp: [chan 0] stat(b'FS_Utility_QA')
DEB [20190114-19:22:01.193] thr=2   paramiko.transport.sftp: [chan 0] normalize(b'FS_Utility_QA')
DEB [20190114-19:22:01.545] thr=2   paramiko.transport.sftp: [chan 0] open(b'/FS_Utility_QA//rules_count.csv', 'wb')
DEB [20190114-19:22:01.889] thr=2   paramiko.transport.sftp: [chan 0] open(b'/FS_Utility_QA//rules_count.csv', 'wb') -> 4f70656e46696c6548616e646c65
DEB [20190114-19:22:06.551] thr=2   paramiko.transport.sftp: [chan 0] close(4f70656e46696c6548616e646c65)
DEB [20190114-19:22:08.592] thr=2   paramiko.transport.sftp: [chan 0] stat(b'/FS_Utility_QA//rules_count.csv')
INF [20190114-19:22:08.951] thr=2   paramiko.transport.sftp: [chan 0] sftp session closed.
DEB [20190114-19:22:08.951] thr=2   paramiko.transport: [chan 0] EOF sent (0)
